<?xml version="1.0" encoding="UTF-8"?>
<!-- Generated by org.testng.reporters.JUnitReportReporter -->
<testsuite hostname="MAVBCP3179" failures="0" tests="1" name="picnic.RecorderScript" time="31.637" errors="0" timestamp="2021-09-15T17:02:04 IST" skipped="0">
  <testcase classname="picnic.RecorderScript" name="testParameterWithXML" time="31.637"/>
  <system-out/>
</testsuite> <!-- picnic.RecorderScript -->
