<?xml version="1.0" encoding="UTF-8"?>
<!-- Generated by org.testng.reporters.JUnitReportReporter -->
<testsuite hostname="MAVBCP3179" failures="0" tests="2" name="picnic.CrossBrowserScript" time="34.292" errors="0" timestamp="2021-09-17T09:10:18 IST" skipped="0">
  <testcase classname="picnic.CrossBrowserScript" name="testParameterWithXML" time="18.473"/>
  <system-out/>
  <testcase classname="picnic.CrossBrowserScript" name="testParameterWithXML" time="15.819"/>
  <system-out/>
</testsuite> <!-- picnic.CrossBrowserScript -->
