<?xml version="1.0" encoding="UTF-8"?>
<!-- Generated by org.testng.reporters.JUnitReportReporter -->
<testsuite hostname="MAVBCP3179" failures="0" tests="1" name="picnic.sampleSelenium" time="18.418" errors="0" timestamp="2021-09-14T10:38:26 IST" skipped="0">
  <testcase classname="picnic.sampleSelenium" name="TestMethod" time="18.418"/>
  <system-out/>
</testsuite> <!-- picnic.sampleSelenium -->
