<?xml version="1.0" encoding="UTF-8"?>
<!-- Generated by org.testng.reporters.JUnitReportReporter -->
<testsuite hostname="MAVBCP3179" failures="0" tests="2" name="picnic.VerifyWordpressLogin" time="34.969" errors="0" timestamp="2021-09-16T11:10:39 IST" skipped="0">
  <testcase classname="picnic.VerifyWordpressLogin" name="verifyValidLogin" time="13.899"/>
  <system-out/>
  <testcase classname="picnic.VerifyWordpressLogin" name="verifyValidLogin" time="21.070"/>
  <system-out/>
</testsuite> <!-- picnic.VerifyWordpressLogin -->
